#
# There is insufficient memory for the Java Runtime Environment to continue.
# Native memory allocation (malloc) failed to allocate 32744 bytes for ChunkPool::allocate
# Possible reasons:
#   The system is out of physical RAM or swap space
#   The process is running with CompressedOops enabled, and the Java Heap may be blocking the growth of the native heap
# Possible solutions:
#   Reduce memory load on the system
#   Increase physical memory or swap space
#   Check if swap backing store is full
#   Decrease Java heap size (-Xmx/-Xms)
#   Decrease number of Java threads
#   Decrease Java thread stack sizes (-Xss)
#   Set larger code cache with -XX:ReservedCodeCacheSize=
#   JVM is running with Unscaled Compressed Oops mode in which the Java heap is
#     placed in the first 4GB address space. The Java Heap base address is the
#     maximum limit for the native heap growth. Please use -XX:HeapBaseMinAddress
#     to set the Java Heap base and to place the Java Heap above 4GB virtual address.
# This output file may be truncated or incomplete.
#
#  Out of Memory Error (arena.cpp:78), pid=12936, tid=21704
#
# JRE version: Java(TM) SE Runtime Environment (17.0.12+8) (build 17.0.12+8-LTS-286)
# Java VM: Java HotSpot(TM) 64-Bit Server VM (17.0.12+8-LTS-286, mixed mode, sharing, tiered, compressed oops, compressed class ptrs, g1 gc, windows-amd64)
# No core dump will be written. Minidumps are not enabled by default on client versions of Windows
#

---------------  S U M M A R Y ------------

Command Line: -Xmx64m -Xms64m -Dorg.gradle.appname=gradlew C:\Users\sthep\git\chooseMovieApp\android\\gradle\wrapper\gradle-wrapper.jar app:installDebug -PreactNativeDevServerPort=8081

Host: AMD Ryzen 5 5600G with Radeon Graphics         , 12 cores, 15G,  Windows 11 , 64 bit Build 26100 (10.0.26100.5074)
Time: Sat Sep 27 17:08:05 2025 Hora oficial do Brasil elapsed time: 127.257063 seconds (0d 0h 2m 7s)

---------------  T H R E A D  ---------------

Current thread (0x0000025afe3179a0):  JavaThread "C2 CompilerThread0" daemon [_thread_in_native, id=21704, stack(0x0000008dbc100000,0x0000008dbc200000)]


Current CompileTask:
C2: 127257 1873       4       org.gradle.internal.logging.console.DefaultWorkInProgressFormatter::format (102 bytes)

Stack: [0x0000008dbc100000,0x0000008dbc200000]
Native frames: (J=compiled Java code, j=interpreted, Vv=VM code, C=native code)
V  [jvm.dll+0x67a04a]
V  [jvm.dll+0x7da4ed]
V  [jvm.dll+0x7dbe33]
V  [jvm.dll+0x7dc4a3]
V  [jvm.dll+0x24508f]
V  [jvm.dll+0xab9a4]
V  [jvm.dll+0xabd3c]
V  [jvm.dll+0xab884]
V  [jvm.dll+0x657c8c]
V  [jvm.dll+0x33dd40]
V  [jvm.dll+0x33b85e]
V  [jvm.dll+0x54aeca]
V  [jvm.dll+0x55a817]
V  [jvm.dll+0x547f12]
V  [jvm.dll+0x2a975c]
V  [jvm.dll+0x6923b6]
V  [jvm.dll+0x68a3d5]
V  [jvm.dll+0x689a20]
V  [jvm.dll+0x687932]
V  [jvm.dll+0x1a5bac]
V  [jvm.dll+0x1a6708]
V  [jvm.dll+0x2a975c]
V  [jvm.dll+0x6923b6]
V  [jvm.dll+0x68a3d5]
V  [jvm.dll+0x689a20]
V  [jvm.dll+0x687932]
V  [jvm.dll+0x1a5bac]
V  [jvm.dll+0x2a975c]
V  [jvm.dll+0x6923b6]
V  [jvm.dll+0x68a3d5]
V  [jvm.dll+0x689a20]
V  [jvm.dll+0x687932]
V  [jvm.dll+0x1a5bac]
V  [jvm.dll+0x1a6708]
V  [jvm.dll+0x2a975c]
V  [jvm.dll+0x6923b6]
V  [jvm.dll+0x68a3d5]
V  [jvm.dll+0x689a20]
V  [jvm.dll+0x687932]
V  [jvm.dll+0x1a5bac]
V  [jvm.dll+0x215818]
V  [jvm.dll+0x1a2960]
V  [jvm.dll+0x22610b]
V  [jvm.dll+0x2242ab]
V  [jvm.dll+0x79075c]
V  [jvm.dll+0x78abea]
V  [jvm.dll+0x678f35]
C  [ucrtbase.dll+0x37b0]
C  [KERNEL32.DLL+0x2e8d7]
C  [ntdll.dll+0x8d9c]


---------------  P R O C E S S  ---------------

Threads class SMR info:
_java_thread_list=0x0000025add264dd0, length=13, elements={
0x0000025afaf01b60, 0x0000025afe2f5710, 0x0000025afe2f62d0, 0x0000025afe307300,
0x0000025afe307bd0, 0x0000025afe30e5c0, 0x0000025afe3133a0, 0x0000025afe3179a0,
0x0000025afe324480, 0x0000025afe326e90, 0x0000025a969ebab0, 0x0000025a969eebf0,
0x0000025adcb53b10
}

Java Threads: ( => current thread )
  0x0000025afaf01b60 JavaThread "main" [_thread_in_native, id=21924, stack(0x0000008dbb400000,0x0000008dbb500000)]
  0x0000025afe2f5710 JavaThread "Reference Handler" daemon [_thread_blocked, id=25424, stack(0x0000008dbbb00000,0x0000008dbbc00000)]
  0x0000025afe2f62d0 JavaThread "Finalizer" daemon [_thread_blocked, id=16312, stack(0x0000008dbbc00000,0x0000008dbbd00000)]
  0x0000025afe307300 JavaThread "Signal Dispatcher" daemon [_thread_blocked, id=16168, stack(0x0000008dbbd00000,0x0000008dbbe00000)]
  0x0000025afe307bd0 JavaThread "Attach Listener" daemon [_thread_blocked, id=5652, stack(0x0000008dbbe00000,0x0000008dbbf00000)]
  0x0000025afe30e5c0 JavaThread "Service Thread" daemon [_thread_blocked, id=21428, stack(0x0000008dbbf00000,0x0000008dbc000000)]
  0x0000025afe3133a0 JavaThread "Monitor Deflation Thread" daemon [_thread_blocked, id=15676, stack(0x0000008dbc000000,0x0000008dbc100000)]
=>0x0000025afe3179a0 JavaThread "C2 CompilerThread0" daemon [_thread_in_native, id=21704, stack(0x0000008dbc100000,0x0000008dbc200000)]
  0x0000025afe324480 JavaThread "C1 CompilerThread0" daemon [_thread_blocked, id=17676, stack(0x0000008dbc200000,0x0000008dbc300000)]
  0x0000025afe326e90 JavaThread "Sweeper thread" daemon [_thread_blocked, id=2608, stack(0x0000008dbc300000,0x0000008dbc400000)]
  0x0000025a969ebab0 JavaThread "Notification Thread" daemon [_thread_blocked, id=16368, stack(0x0000008dbc400000,0x0000008dbc500000)]
  0x0000025a969eebf0 JavaThread "Common-Cleaner" daemon [_thread_blocked, id=23964, stack(0x0000008dbc600000,0x0000008dbc700000)]
  0x0000025adcb53b10 JavaThread "pool-1-thread-1" [_thread_blocked, id=20972, stack(0x0000008dbcc00000,0x0000008dbcd00000)]

Other Threads:
  0x0000025afe2efc60 VMThread "VM Thread" [stack: 0x0000008dbba00000,0x0000008dbbb00000] [id=23924]
  0x0000025a969ee7b0 WatcherThread [stack: 0x0000008dbc500000,0x0000008dbc600000] [id=18684]
  0x0000025afaf20060 GCTaskThread "GC Thread#0" [stack: 0x0000008dbb500000,0x0000008dbb600000] [id=22072]
  0x0000025adc0d6940 GCTaskThread "GC Thread#1" [stack: 0x0000008dbc900000,0x0000008dbca00000] [id=26744]
  0x0000025a96b4d240 GCTaskThread "GC Thread#2" [stack: 0x0000008dbca00000,0x0000008dbcb00000] [id=18640]
  0x0000025adc23e060 GCTaskThread "GC Thread#3" [stack: 0x0000008dbcb00000,0x0000008dbcc00000] [id=13024]
  0x0000025adca2f3e0 GCTaskThread "GC Thread#4" [stack: 0x0000008dbcd00000,0x0000008dbce00000] [id=17208]
  0x0000025adcd822e0 GCTaskThread "GC Thread#5" [stack: 0x0000008dbce00000,0x0000008dbcf00000] [id=26448]
  0x0000025adcd825a0 GCTaskThread "GC Thread#6" [stack: 0x0000008dbcf00000,0x0000008dbd000000] [id=23328]
  0x0000025afaf217b0 ConcurrentGCThread "G1 Main Marker" [stack: 0x0000008dbb600000,0x0000008dbb700000] [id=19596]
  0x0000025afaf23630 ConcurrentGCThread "G1 Conc#0" [stack: 0x0000008dbb700000,0x0000008dbb800000] [id=5504]
  0x0000025afafba430 ConcurrentGCThread "G1 Refine#0" [stack: 0x0000008dbb800000,0x0000008dbb900000] [id=9768]
  0x0000025afafbbd10 ConcurrentGCThread "G1 Service" [stack: 0x0000008dbb900000,0x0000008dbba00000] [id=15436]

Threads with active compile tasks:
C2 CompilerThread0   127680 1873       4       org.gradle.internal.logging.console.DefaultWorkInProgressFormatter::format (102 bytes)

VM state: not at safepoint (normal execution)

VM Mutex/Monitor currently owned by a thread: None

Heap address: 0x00000000fc000000, size: 64 MB, Compressed Oops mode: 32-bit

CDS archive(s) mapped at: [0x0000025a97000000-0x0000025a97bd0000-0x0000025a97bd0000), size 12386304, SharedBaseAddress: 0x0000025a97000000, ArchiveRelocationMode: 1.
Compressed class space mapped at: 0x0000025a98000000-0x0000025ad8000000, reserved size: 1073741824
Narrow klass base: 0x0000025a97000000, Narrow klass shift: 0, Narrow klass range: 0x100000000

GC Precious Log:
 CPUs: 12 total, 12 available
 Memory: 15740M
 Large Page Support: Disabled
 NUMA Support: Disabled
 Compressed Oops: Enabled (32-bit)
 Heap Region Size: 1M
 Heap Min Capacity: 64M
 Heap Initial Capacity: 64M
 Heap Max Capacity: 64M
 Pre-touch: Disabled
 Parallel Workers: 10
 Concurrent Workers: 3
 Concurrent Refinement Workers: 10
 Periodic GC: Disabled

Heap:
 garbage-first heap   total 65536K, used 19351K [0x00000000fc000000, 0x0000000100000000)
  region size 1024K, 13 young (13312K), 4 survivors (4096K)
 Metaspace       used 9546K, committed 9792K, reserved 1114112K
  class space    used 1259K, committed 1344K, reserved 1048576K

Heap Regions: E=young(eden), S=young(survivor), O=old, HS=humongous(starts), HC=humongous(continues), CS=collection set, F=free, OA=open archive, CA=closed archive, TAMS=top-at-mark-start (previous, next)
|   0|0x00000000fc000000, 0x00000000fc100000, 0x00000000fc100000|100%|HS|  |TAMS 0x00000000fc000000, 0x00000000fc000000| Complete 
|   1|0x00000000fc100000, 0x00000000fc200000, 0x00000000fc200000|100%|HC|  |TAMS 0x00000000fc100000, 0x00000000fc100000| Complete 
|   2|0x00000000fc200000, 0x00000000fc300000, 0x00000000fc300000|100%|HC|  |TAMS 0x00000000fc200000, 0x00000000fc200000| Complete 
|   3|0x00000000fc300000, 0x00000000fc400000, 0x00000000fc400000|100%| O|  |TAMS 0x00000000fc300000, 0x00000000fc300000| Untracked 
|   4|0x00000000fc400000, 0x00000000fc500000, 0x00000000fc500000|100%| O|  |TAMS 0x00000000fc400000, 0x00000000fc400000| Untracked 
|   5|0x00000000fc500000, 0x00000000fc600000, 0x00000000fc600000|100%| O|  |TAMS 0x00000000fc500000, 0x00000000fc500000| Untracked 
|   6|0x00000000fc600000, 0x00000000fc6e5c00, 0x00000000fc700000| 89%| O|  |TAMS 0x00000000fc600000, 0x00000000fc600000| Untracked 
|   7|0x00000000fc700000, 0x00000000fc700000, 0x00000000fc800000|  0%| F|  |TAMS 0x00000000fc700000, 0x00000000fc700000| Untracked 
|   8|0x00000000fc800000, 0x00000000fc800000, 0x00000000fc900000|  0%| F|  |TAMS 0x00000000fc800000, 0x00000000fc800000| Untracked 
|   9|0x00000000fc900000, 0x00000000fc900000, 0x00000000fca00000|  0%| F|  |TAMS 0x00000000fc900000, 0x00000000fc900000| Untracked 
|  10|0x00000000fca00000, 0x00000000fca00000, 0x00000000fcb00000|  0%| F|  |TAMS 0x00000000fca00000, 0x00000000fca00000| Untracked 
|  11|0x00000000fcb00000, 0x00000000fcb00000, 0x00000000fcc00000|  0%| F|  |TAMS 0x00000000fcb00000, 0x00000000fcb00000| Untracked 
|  12|0x00000000fcc00000, 0x00000000fcc00000, 0x00000000fcd00000|  0%| F|  |TAMS 0x00000000fcc00000, 0x00000000fcc00000| Untracked 
|  13|0x00000000fcd00000, 0x00000000fcd00000, 0x00000000fce00000|  0%| F|  |TAMS 0x00000000fcd00000, 0x00000000fcd00000| Untracked 
|  14|0x00000000fce00000, 0x00000000fce00000, 0x00000000fcf00000|  0%| F|  |TAMS 0x00000000fce00000, 0x00000000fce00000| Untracked 
|  15|0x00000000fcf00000, 0x00000000fcf00000, 0x00000000fd000000|  0%| F|  |TAMS 0x00000000fcf00000, 0x00000000fcf00000| Untracked 
|  16|0x00000000fd000000, 0x00000000fd000000, 0x00000000fd100000|  0%| F|  |TAMS 0x00000000fd000000, 0x00000000fd000000| Untracked 
|  17|0x00000000fd100000, 0x00000000fd100000, 0x00000000fd200000|  0%| F|  |TAMS 0x00000000fd100000, 0x00000000fd100000| Untracked 
|  18|0x00000000fd200000, 0x00000000fd200000, 0x00000000fd300000|  0%| F|  |TAMS 0x00000000fd200000, 0x00000000fd200000| Untracked 
|  19|0x00000000fd300000, 0x00000000fd300000, 0x00000000fd400000|  0%| F|  |TAMS 0x00000000fd300000, 0x00000000fd300000| Untracked 
|  20|0x00000000fd400000, 0x00000000fd400000, 0x00000000fd500000|  0%| F|  |TAMS 0x00000000fd400000, 0x00000000fd400000| Untracked 
|  21|0x00000000fd500000, 0x00000000fd500000, 0x00000000fd600000|  0%| F|  |TAMS 0x00000000fd500000, 0x00000000fd500000| Untracked 
|  22|0x00000000fd600000, 0x00000000fd600000, 0x00000000fd700000|  0%| F|  |TAMS 0x00000000fd600000, 0x00000000fd600000| Untracked 
|  23|0x00000000fd700000, 0x00000000fd700000, 0x00000000fd800000|  0%| F|  |TAMS 0x00000000fd700000, 0x00000000fd700000| Untracked 
|  24|0x00000000fd800000, 0x00000000fd800000, 0x00000000fd900000|  0%| F|  |TAMS 0x00000000fd800000, 0x00000000fd800000| Untracked 
|  25|0x00000000fd900000, 0x00000000fd900000, 0x00000000fda00000|  0%| F|  |TAMS 0x00000000fd900000, 0x00000000fd900000| Untracked 
|  26|0x00000000fda00000, 0x00000000fda00000, 0x00000000fdb00000|  0%| F|  |TAMS 0x00000000fda00000, 0x00000000fda00000| Untracked 
|  27|0x00000000fdb00000, 0x00000000fdb00000, 0x00000000fdc00000|  0%| F|  |TAMS 0x00000000fdb00000, 0x00000000fdb00000| Untracked 
|  28|0x00000000fdc00000, 0x00000000fdd00000, 0x00000000fdd00000|100%| S|CS|TAMS 0x00000000fdc00000, 0x00000000fdc00000| Complete 
|  29|0x00000000fdd00000, 0x00000000fde00000, 0x00000000fde00000|100%| S|CS|TAMS 0x00000000fdd00000, 0x00000000fdd00000| Complete 
|  30|0x00000000fde00000, 0x00000000fdf00000, 0x00000000fdf00000|100%| S|CS|TAMS 0x00000000fde00000, 0x00000000fde00000| Complete 
|  31|0x00000000fdf00000, 0x00000000fe000000, 0x00000000fe000000|100%| S|CS|TAMS 0x00000000fdf00000, 0x00000000fdf00000| Complete 
|  32|0x00000000fe000000, 0x00000000fe000000, 0x00000000fe100000|  0%| F|  |TAMS 0x00000000fe000000, 0x00000000fe000000| Untracked 
|  33|0x00000000fe100000, 0x00000000fe100000, 0x00000000fe200000|  0%| F|  |TAMS 0x00000000fe100000, 0x00000000fe100000| Untracked 
|  34|0x00000000fe200000, 0x00000000fe200000, 0x00000000fe300000|  0%| F|  |TAMS 0x00000000fe200000, 0x00000000fe200000| Untracked 
|  35|0x00000000fe300000, 0x00000000fe300000, 0x00000000fe400000|  0%| F|  |TAMS 0x00000000fe300000, 0x00000000fe300000| Untracked 
|  36|0x00000000fe400000, 0x00000000fe400000, 0x00000000fe500000|  0%| F|  |TAMS 0x00000000fe400000, 0x00000000fe400000| Untracked 
|  37|0x00000000fe500000, 0x00000000fe500000, 0x00000000fe600000|  0%| F|  |TAMS 0x00000000fe500000, 0x00000000fe500000| Untracked 
|  38|0x00000000fe600000, 0x00000000fe600000, 0x00000000fe700000|  0%| F|  |TAMS 0x00000000fe600000, 0x00000000fe600000| Untracked 
|  39|0x00000000fe700000, 0x00000000fe700000, 0x00000000fe800000|  0%| F|  |TAMS 0x00000000fe700000, 0x00000000fe700000| Untracked 
|  40|0x00000000fe800000, 0x00000000fe800000, 0x00000000fe900000|  0%| F|  |TAMS 0x00000000fe800000, 0x00000000fe800000| Untracked 
|  41|0x00000000fe900000, 0x00000000fe900000, 0x00000000fea00000|  0%| F|  |TAMS 0x00000000fe900000, 0x00000000fe900000| Untracked 
|  42|0x00000000fea00000, 0x00000000fea00000, 0x00000000feb00000|  0%| F|  |TAMS 0x00000000fea00000, 0x00000000fea00000| Untracked 
|  43|0x00000000feb00000, 0x00000000feb00000, 0x00000000fec00000|  0%| F|  |TAMS 0x00000000feb00000, 0x00000000feb00000| Untracked 
|  44|0x00000000fec00000, 0x00000000fec00000, 0x00000000fed00000|  0%| F|  |TAMS 0x00000000fec00000, 0x00000000fec00000| Untracked 
|  45|0x00000000fed00000, 0x00000000fed00000, 0x00000000fee00000|  0%| F|  |TAMS 0x00000000fed00000, 0x00000000fed00000| Untracked 
|  46|0x00000000fee00000, 0x00000000fee00000, 0x00000000fef00000|  0%| F|  |TAMS 0x00000000fee00000, 0x00000000fee00000| Untracked 
|  47|0x00000000fef00000, 0x00000000fef00000, 0x00000000ff000000|  0%| F|  |TAMS 0x00000000fef00000, 0x00000000fef00000| Untracked 
|  48|0x00000000ff000000, 0x00000000ff000000, 0x00000000ff100000|  0%| F|  |TAMS 0x00000000ff000000, 0x00000000ff000000| Untracked 
|  49|0x00000000ff100000, 0x00000000ff100000, 0x00000000ff200000|  0%| F|  |TAMS 0x00000000ff100000, 0x00000000ff100000| Untracked 
|  50|0x00000000ff200000, 0x00000000ff200000, 0x00000000ff300000|  0%| F|  |TAMS 0x00000000ff200000, 0x00000000ff200000| Untracked 
|  51|0x00000000ff300000, 0x00000000ff300000, 0x00000000ff400000|  0%| F|  |TAMS 0x00000000ff300000, 0x00000000ff300000| Untracked 
|  52|0x00000000ff400000, 0x00000000ff400000, 0x00000000ff500000|  0%| F|  |TAMS 0x00000000ff400000, 0x00000000ff400000| Untracked 
|  53|0x00000000ff500000, 0x00000000ff500000, 0x00000000ff600000|  0%| F|  |TAMS 0x00000000ff500000, 0x00000000ff500000| Untracked 
|  54|0x00000000ff600000, 0x00000000ff600000, 0x00000000ff700000|  0%| F|  |TAMS 0x00000000ff600000, 0x00000000ff600000| Untracked 
|  55|0x00000000ff700000, 0x00000000ff748640, 0x00000000ff800000| 28%| E|  |TAMS 0x00000000ff700000, 0x00000000ff700000| Complete 
|  56|0x00000000ff800000, 0x00000000ff900000, 0x00000000ff900000|100%| E|CS|TAMS 0x00000000ff800000, 0x00000000ff800000| Complete 
|  57|0x00000000ff900000, 0x00000000ffa00000, 0x00000000ffa00000|100%| E|CS|TAMS 0x00000000ff900000, 0x00000000ff900000| Complete 
|  58|0x00000000ffa00000, 0x00000000ffb00000, 0x00000000ffb00000|100%| E|CS|TAMS 0x00000000ffa00000, 0x00000000ffa00000| Complete 
|  59|0x00000000ffb00000, 0x00000000ffc00000, 0x00000000ffc00000|100%| E|CS|TAMS 0x00000000ffb00000, 0x00000000ffb00000| Complete 
|  60|0x00000000ffc00000, 0x00000000ffd00000, 0x00000000ffd00000|100%| E|CS|TAMS 0x00000000ffc00000, 0x00000000ffc00000| Complete 
|  61|0x00000000ffd00000, 0x00000000ffe00000, 0x00000000ffe00000|100%| E|CS|TAMS 0x00000000ffd00000, 0x00000000ffd00000| Complete 
|  62|0x00000000ffe00000, 0x00000000fff00000, 0x00000000fff00000|100%| E|CS|TAMS 0x00000000ffe00000, 0x00000000ffe00000| Complete 
|  63|0x00000000fff00000, 0x0000000100000000, 0x0000000100000000|100%| E|CS|TAMS 0x00000000fff00000, 0x00000000fff00000| Complete 

Card table byte_map: [0x0000025afae20000,0x0000025afae40000] _byte_map_base: 0x0000025afa640000

Marking Bits (Prev, Next): (CMBitMap*) 0x0000025afaf20680, (CMBitMap*) 0x0000025afaf206c0
 Prev Bits: [0x0000025afb510000, 0x0000025afb610000)
 Next Bits: [0x0000025afb610000, 0x0000025afb710000)

Polling page: 0x0000025af8e70000

Metaspace:

Usage:
  Non-class:      8.09 MB used.
      Class:      1.23 MB used.
       Both:      9.32 MB used.

Virtual space:
  Non-class space:       64.00 MB reserved,       8.25 MB ( 13%) committed,  1 nodes.
      Class space:        1.00 GB reserved,       1.31 MB ( <1%) committed,  1 nodes.
             Both:        1.06 GB reserved,       9.56 MB ( <1%) committed. 

Chunk freelists:
   Non-Class:  7.67 MB
       Class:  14.51 MB
        Both:  22.18 MB

MaxMetaspaceSize: unlimited
CompressedClassSpaceSize: 1.00 GB
Initial GC threshold: 21.00 MB
Current GC threshold: 21.00 MB
CDS: on
MetaspaceReclaimPolicy: balanced
 - commit_granule_bytes: 65536.
 - commit_granule_words: 8192.
 - virtual_space_node_default_size: 8388608.
 - enlarge_chunks_in_place: 1.
 - new_chunks_are_fully_committed: 0.
 - uncommit_free_chunks: 1.
 - use_allocation_guard: 0.
 - handle_deallocations: 1.


Internal statistics:

num_allocs_failed_limit: 0.
num_arena_births: 80.
num_arena_deaths: 0.
num_vsnodes_births: 2.
num_vsnodes_deaths: 0.
num_space_committed: 153.
num_space_uncommitted: 0.
num_chunks_returned_to_freelist: 0.
num_chunks_taken_from_freelist: 346.
num_chunk_merges: 0.
num_chunk_splits: 229.
num_chunks_enlarged: 185.
num_inconsistent_stats: 0.

CodeHeap 'non-profiled nmethods': size=120000Kb used=791Kb max_used=791Kb free=119208Kb
 bounds [0x0000025a8f2c0000, 0x0000025a8f530000, 0x0000025a967f0000]
CodeHeap 'profiled nmethods': size=120000Kb used=3499Kb max_used=3499Kb free=116501Kb
 bounds [0x0000025a877f0000, 0x0000025a87b60000, 0x0000025a8ed20000]
CodeHeap 'non-nmethods': size=5760Kb used=1174Kb max_used=1202Kb free=4585Kb
 bounds [0x0000025a8ed20000, 0x0000025a8ef90000, 0x0000025a8f2c0000]
 total_blobs=2341 nmethods=1873 adapters=381
 compilation: enabled
              stopped_count=0, restarted_count=0
 full_count=0

Compilation events (20 events):
Event: 103.388 Thread 0x0000025afe324480 nmethod 1863 0x0000025a87b55a90 code [0x0000025a87b55c20, 0x0000025a87b55d68]
Event: 103.388 Thread 0x0000025afe324480 1864       3       sun.nio.cs.SingleByte::withResult (25 bytes)
Event: 103.388 Thread 0x0000025afe324480 nmethod 1864 0x0000025a87b55e10 code [0x0000025a87b55fe0, 0x0000025a87b56418]
Event: 103.890 Thread 0x0000025afe3179a0 1865       4       java.io.OutputStream::flush (1 bytes)
Event: 103.890 Thread 0x0000025afe3179a0 nmethod 1865 0x0000025a8f384690 code [0x0000025a8f384800, 0x0000025a8f384878]
Event: 105.427 Thread 0x0000025afe324480 1866       3       sun.nio.cs.SingleByte$Encoder::encodeArrayLoop (280 bytes)
Event: 105.429 Thread 0x0000025afe324480 nmethod 1866 0x0000025a87b56590 code [0x0000025a87b56aa0, 0x0000025a87b592c8]
Event: 113.171 Thread 0x0000025afe3179a0 1867       4       java.lang.InheritableThreadLocal::getMap (5 bytes)
Event: 113.171 Thread 0x0000025afe3179a0 nmethod 1867 0x0000025a8f384990 code [0x0000025a8f384b00, 0x0000025a8f384b98]
Event: 113.482 Thread 0x0000025afe3179a0 1868       4       java.util.ArrayDeque$DeqIterator::next (62 bytes)
Event: 113.484 Thread 0x0000025afe3179a0 nmethod 1868 0x0000025a8f384c90 code [0x0000025a8f384e20, 0x0000025a8f384f38]
Event: 114.278 Thread 0x0000025afe3179a0 1869       4       java.util.concurrent.locks.AbstractQueuedSynchronizer::signalNext (34 bytes)
Event: 114.279 Thread 0x0000025afe3179a0 nmethod 1869 0x0000025a8f385090 code [0x0000025a8f385200, 0x0000025a8f385278]
Event: 116.382 Thread 0x0000025afe3179a0 1870       4       com.google.common.collect.RegularImmutableList::get (7 bytes)
Event: 116.383 Thread 0x0000025afe3179a0 nmethod 1870 0x0000025a8f385390 code [0x0000025a8f385500, 0x0000025a8f3855b8]
Event: 117.877 Thread 0x0000025afe3179a0 1871       4       jdk.internal.misc.Unsafe::weakCompareAndSetInt (11 bytes)
Event: 117.877 Thread 0x0000025afe3179a0 nmethod 1871 0x0000025a8f385690 code [0x0000025a8f385800, 0x0000025a8f385898]
Event: 119.869 Thread 0x0000025afe3179a0 1872       4       java.util.concurrent.atomic.AtomicLong::compareAndSet (13 bytes)
Event: 119.869 Thread 0x0000025afe3179a0 nmethod 1872 0x0000025a8f385990 code [0x0000025a8f385b00, 0x0000025a8f385b98]
Event: 120.274 Thread 0x0000025afe3179a0 1873       4       org.gradle.internal.logging.console.DefaultWorkInProgressFormatter::format (102 bytes)

GC Heap History (4 events):
Event: 0.358 GC heap before
{Heap before GC invocations=0 (full 0):
 garbage-first heap   total 65536K, used 23552K [0x00000000fc000000, 0x0000000100000000)
  region size 1024K, 23 young (23552K), 0 survivors (0K)
 Metaspace       used 1713K, committed 1856K, reserved 1114112K
  class space    used 158K, committed 192K, reserved 1048576K
}
Event: 0.362 GC heap after
{Heap after GC invocations=1 (full 0):
 garbage-first heap   total 65536K, used 2000K [0x00000000fc000000, 0x0000000100000000)
  region size 1024K, 2 young (2048K), 2 survivors (2048K)
 Metaspace       used 1713K, committed 1856K, reserved 1114112K
  class space    used 158K, committed 192K, reserved 1048576K
}
Event: 1.085 GC heap before
{Heap before GC invocations=1 (full 0):
 garbage-first heap   total 65536K, used 35792K [0x00000000fc000000, 0x0000000100000000)
  region size 1024K, 32 young (32768K), 2 survivors (2048K)
 Metaspace       used 7639K, committed 7808K, reserved 1114112K
  class space    used 1049K, committed 1152K, reserved 1048576K
}
Event: 1.089 GC heap after
{Heap after GC invocations=2 (full 0):
 garbage-first heap   total 65536K, used 11159K [0x00000000fc000000, 0x0000000100000000)
  region size 1024K, 4 young (4096K), 4 survivors (4096K)
 Metaspace       used 7639K, committed 7808K, reserved 1114112K
  class space    used 1049K, committed 1152K, reserved 1048576K
}

Deoptimization events (20 events):
Event: 1.149 Thread 0x0000025afaf01b60 DEOPT PACKING pc=0x0000025a8f2f5ad4 sp=0x0000008dbb4fca30
Event: 1.149 Thread 0x0000025afaf01b60 DEOPT UNPACKING pc=0x0000025a8ed723a3 sp=0x0000008dbb4fc9c8 mode 2
Event: 1.199 Thread 0x0000025afaf01b60 Uncommon trap: trap_request=0xffffffde fr.pc=0x0000025a8f2f5474 relative=0x0000000000000074
Event: 1.199 Thread 0x0000025afaf01b60 Uncommon trap: reason=class_check action=maybe_recompile pc=0x0000025a8f2f5474 method=java.util.AbstractList$Itr.hasNext()Z @ 8 c2
Event: 1.199 Thread 0x0000025afaf01b60 DEOPT PACKING pc=0x0000025a8f2f5474 sp=0x0000008dbb4fc1e0
Event: 1.199 Thread 0x0000025afaf01b60 DEOPT UNPACKING pc=0x0000025a8ed723a3 sp=0x0000008dbb4fc178 mode 2
Event: 1.199 Thread 0x0000025afaf01b60 Uncommon trap: trap_request=0xffffffde fr.pc=0x0000025a8f2f5ad4 relative=0x00000000000000b4
Event: 1.199 Thread 0x0000025afaf01b60 Uncommon trap: reason=class_check action=maybe_recompile pc=0x0000025a8f2f5ad4 method=java.util.AbstractList$Itr.next()Ljava/lang/Object; @ 14 c2
Event: 1.199 Thread 0x0000025afaf01b60 DEOPT PACKING pc=0x0000025a8f2f5ad4 sp=0x0000008dbb4fc1d0
Event: 1.199 Thread 0x0000025afaf01b60 DEOPT UNPACKING pc=0x0000025a8ed723a3 sp=0x0000008dbb4fc168 mode 2
Event: 1.328 Thread 0x0000025adcb53b10 Uncommon trap: trap_request=0xffffffde fr.pc=0x0000025a8f2f5474 relative=0x0000000000000074
Event: 1.328 Thread 0x0000025adcb53b10 Uncommon trap: reason=class_check action=maybe_recompile pc=0x0000025a8f2f5474 method=java.util.AbstractList$Itr.hasNext()Z @ 8 c2
Event: 1.328 Thread 0x0000025adcb53b10 DEOPT PACKING pc=0x0000025a8f2f5474 sp=0x0000008dbccfeaf0
Event: 1.328 Thread 0x0000025adcb53b10 DEOPT UNPACKING pc=0x0000025a8ed723a3 sp=0x0000008dbccfea88 mode 2
Event: 1.328 Thread 0x0000025adcb53b10 Uncommon trap: trap_request=0xffffffde fr.pc=0x0000025a8f2f5ad4 relative=0x00000000000000b4
Event: 1.328 Thread 0x0000025adcb53b10 Uncommon trap: reason=class_check action=maybe_recompile pc=0x0000025a8f2f5ad4 method=java.util.AbstractList$Itr.next()Ljava/lang/Object; @ 14 c2
Event: 1.328 Thread 0x0000025adcb53b10 DEOPT PACKING pc=0x0000025a8f2f5ad4 sp=0x0000008dbccfeae0
Event: 1.328 Thread 0x0000025adcb53b10 DEOPT UNPACKING pc=0x0000025a8ed723a3 sp=0x0000008dbccfea78 mode 2
Event: 84.167 Thread 0x0000025afaf01b60 DEOPT PACKING pc=0x0000025a87a6ca4d sp=0x0000008dbb4fcd90
Event: 84.167 Thread 0x0000025afaf01b60 DEOPT UNPACKING pc=0x0000025a8ed72b43 sp=0x0000008dbb4fc228 mode 0

Classes unloaded (0 events):
No events

Classes redefined (0 events):
No events

Internal exceptions (20 events):
Event: 0.129 Thread 0x0000025afaf01b60 Exception <a 'java/lang/NoSuchMethodError'{0x00000000ffc036b0}: 'int java.lang.invoke.DirectMethodHandle$Holder.invokeStaticInit(java.lang.Object, java.lang.Object)'> (0x00000000ffc036b0) 
thrown [s\open\src\hotspot\share\interpreter\linkResolver.cpp, line 759]
Event: 0.657 Thread 0x0000025afaf01b60 Exception <a 'java/lang/NoSuchMethodError'{0x00000000ff19afd8}: 'java.lang.Object java.lang.invoke.DirectMethodHandle$Holder.invokeStaticInit(java.lang.Object)'> (0x00000000ff19afd8) 
thrown [s\open\src\hotspot\share\interpreter\linkResolver.cpp, line 759]
Event: 0.667 Thread 0x0000025afaf01b60 Exception <a 'java/lang/NoSuchMethodError'{0x00000000ff1b5ca0}: 'int java.lang.invoke.DirectMethodHandle$Holder.invokeSpecial(java.lang.Object, java.lang.Object, java.lang.Object)'> (0x00000000ff1b5ca0) 
thrown [s\open\src\hotspot\share\interpreter\linkResolver.cpp, line 759]
Event: 0.672 Thread 0x0000025afaf01b60 Exception <a 'java/lang/NoSuchMethodError'{0x00000000ff1f2810}: 'void java.lang.invoke.DirectMethodHandle$Holder.invokeStatic(java.lang.Object, java.lang.Object)'> (0x00000000ff1f2810) 
thrown [s\open\src\hotspot\share\interpreter\linkResolver.cpp, line 759]
Event: 0.673 Thread 0x0000025afaf01b60 Implicit null exception at 0x0000025a8f32688f to 0x0000025a8f326dc0
Event: 0.674 Thread 0x0000025afaf01b60 Implicit null exception at 0x0000025a8f30290f to 0x0000025a8f302e48
Event: 0.688 Thread 0x0000025afaf01b60 Exception <a 'java/lang/NoClassDefFoundError'{0x00000000ff06d958}: org/slf4j/impl/StaticMarkerBinder> (0x00000000ff06d958) 
thrown [s\open\src\hotspot\share\classfile\systemDictionary.cpp, line 245]
Event: 0.716 Thread 0x0000025afaf01b60 Exception <a 'java/lang/NoSuchMethodError'{0x00000000fef90850}: 'java.lang.Object java.lang.invoke.Invokers$Holder.invoker(java.lang.Object, java.lang.Object, java.lang.Object)'> (0x00000000fef90850) 
thrown [s\open\src\hotspot\share\interpreter\linkResolver.cpp, line 759]
Event: 0.717 Thread 0x0000025afaf01b60 Exception <a 'java/lang/NoSuchMethodError'{0x00000000fef999a8}: 'java.lang.Object java.lang.invoke.DirectMethodHandle$Holder.invokeStatic(java.lang.Object, java.lang.Object, int)'> (0x00000000fef999a8) 
thrown [s\open\src\hotspot\share\interpreter\linkResolver.cpp, line 759]
Event: 0.719 Thread 0x0000025afaf01b60 Exception <a 'java/lang/NoSuchMethodError'{0x00000000fefa5698}: 'void java.lang.invoke.DelegatingMethodHandle$Holder.delegate(java.lang.Object, java.lang.Object, int, java.lang.Object)'> (0x00000000fefa5698) 
thrown [s\open\src\hotspot\share\interpreter\linkResolver.cpp, line 759]
Event: 0.721 Thread 0x0000025afaf01b60 Exception <a 'java/lang/NoSuchMethodError'{0x00000000fefb8ce0}: 'java.lang.Object java.lang.invoke.Invokers$Holder.invokeExact_MT(java.lang.Object, java.lang.Object, java.lang.Object, java.lang.Object)'> (0x00000000fefb8ce0) 
thrown [s\open\src\hotspot\share\interpreter\linkResolver.cpp, line 759]
Event: 0.724 Thread 0x0000025afaf01b60 Exception <a 'java/lang/NoSuchMethodError'{0x00000000fefdbad8}: 'java.lang.Object java.lang.invoke.DirectMethodHandle$Holder.invokeVirtual(java.lang.Object, java.lang.Object, java.lang.Object)'> (0x00000000fefdbad8) 
thrown [s\open\src\hotspot\share\interpreter\linkResolver.cpp, line 759]
Event: 0.816 Thread 0x0000025afaf01b60 Exception <a 'java/lang/NoSuchMethodError'{0x00000000febfd3e0}: 'java.lang.Object java.lang.invoke.DirectMethodHandle$Holder.newInvokeSpecial(java.lang.Object, java.lang.Object, java.lang.Object, java.lang.Object, java.lang.Object)'> (0x00000000febfd3e0) 
thrown [s\open\src\hotspot\share\interpreter\linkResolver.cpp, line 759]
Event: 0.836 Thread 0x0000025afaf01b60 Exception <a 'java/lang/NoSuchMethodError'{0x00000000fe92b848}: 'void java.lang.invoke.DirectMethodHandle$Holder.invokeSpecial(java.lang.Object, java.lang.Object, java.lang.Object)'> (0x00000000fe92b848) 
thrown [s\open\src\hotspot\share\interpreter\linkResolver.cpp, line 759]
Event: 0.949 Thread 0x0000025afaf01b60 Exception <a 'java/lang/NoSuchMethodError'{0x00000000fe54f3e8}: 'void java.lang.invoke.DirectMethodHandle$Holder.invokeStatic(java.lang.Object, java.lang.Object, java.lang.Object)'> (0x00000000fe54f3e8) 
thrown [s\open\src\hotspot\share\interpreter\linkResolver.cpp, line 759]
Event: 0.992 Thread 0x0000025afaf01b60 Exception <a 'java/lang/NoSuchMethodError'{0x00000000fe26b1c0}: 'java.lang.Object java.lang.invoke.DirectMethodHandle$Holder.newInvokeSpecial(java.lang.Object, java.lang.Object, java.lang.Object, java.lang.Object, java.lang.Object, java.lang.Object, java.lang.Object, java.lang.Object, java.lang.Object, java.lang.Object, java.lang.Object, java.lang.Object, java.lang.Object, java.lang.Object, java.lang.Object, java.lang.Object, java.lang.Object, java.lang.Object, java.lang.Object, java.lang.Object, java.lang
Event: 0.993 Thread 0x0000025afaf01b60 Exception <a 'java/lang/NoSuchMethodError'{0x00000000fe2777c8}: 'java.lang.Object java.lang.invoke.Invokers$Holder.linkToTargetMethod(java.lang.Object, java.lang.Object, java.lang.Object, java.lang.Object, java.lang.Object, java.lang.Object, java.lang.Object, java.lang.Object, java.lang.Object, java.lang.Object, java.lang.Object, java.lang.Object, java.lang.Object, java.lang.Object, java.lang.Object, java.lang.Object, java.lang.Object, java.lang.Object, java.lang.Object, java.lang.Object, java.lang.Object,
Event: 1.037 Thread 0x0000025afaf01b60 Exception <a 'java/lang/NoSuchMethodError'{0x00000000fe0decd0}: 'java.lang.Object java.lang.invoke.DirectMethodHandle$Holder.invokeStaticInit(java.lang.Object, int, int, int, int)'> (0x00000000fe0decd0) 
thrown [s\open\src\hotspot\share\interpreter\linkResolver.cpp, line 759]
Event: 1.104 Thread 0x0000025afaf01b60 Exception <a 'java/lang/NoSuchMethodError'{0x00000000fff2f3b0}: 'java.lang.Object java.lang.invoke.DirectMethodHandle$Holder.invokeStaticInit(java.lang.Object, java.lang.Object, int, int, int, int)'> (0x00000000fff2f3b0) 
thrown [s\open\src\hotspot\share\interpreter\linkResolver.cpp, line 759]
Event: 1.126 Thread 0x0000025afaf01b60 Implicit null exception at 0x0000025a8f3036f2 to 0x0000025a8f303cc0

VM Operations (20 events):
Event: 81.356 Executing VM operation: Cleanup
Event: 81.356 Executing VM operation: Cleanup done
Event: 82.369 Executing VM operation: Cleanup
Event: 82.370 Executing VM operation: Cleanup done
Event: 84.393 Executing VM operation: Cleanup
Event: 84.393 Executing VM operation: Cleanup done
Event: 86.417 Executing VM operation: Cleanup
Event: 86.417 Executing VM operation: Cleanup done
Event: 91.458 Executing VM operation: Cleanup
Event: 91.458 Executing VM operation: Cleanup done
Event: 101.527 Executing VM operation: Cleanup
Event: 101.527 Executing VM operation: Cleanup done
Event: 104.546 Executing VM operation: Cleanup
Event: 104.546 Executing VM operation: Cleanup done
Event: 113.622 Executing VM operation: Cleanup
Event: 113.622 Executing VM operation: Cleanup done
Event: 117.679 Executing VM operation: Cleanup
Event: 117.679 Executing VM operation: Cleanup done
Event: 120.368 Executing VM operation: HandshakeAllThreads
Event: 121.252 Executing VM operation: HandshakeAllThreads done

Events (20 events):
Event: 18.777 loading class jdk/internal/logger/LazyLoggers$LazyLoggerFactories
Event: 18.778 loading class jdk/internal/logger/LazyLoggers$LazyLoggerFactories done
Event: 18.778 loading class jdk/internal/logger/LoggerFinderLoader
Event: 18.779 loading class jdk/internal/logger/LoggerFinderLoader done
Event: 18.779 loading class jdk/internal/logger/LoggerFinderLoader$TemporaryLoggerFinder
Event: 18.780 loading class jdk/internal/logger/LoggerFinderLoader$TemporaryLoggerFinder done
Event: 18.780 loading class sun/util/logging/internal/LoggingProviderImpl$JULWrapper
Event: 18.780 loading class sun/util/logging/PlatformLogger$ConfigurableBridge$LoggerConfiguration
Event: 18.781 loading class sun/util/logging/PlatformLogger$ConfigurableBridge$LoggerConfiguration done
Event: 18.781 loading class sun/util/logging/internal/LoggingProviderImpl$JULWrapper done
Event: 18.781 loading class java/io/ObjectInputFilter
Event: 18.782 loading class java/io/ObjectInputFilter done
Event: 18.783 loading class java/io/ObjectInputFilter$Config$BuiltinFilterFactory
Event: 18.783 loading class java/io/ObjectInputFilter$Config$BuiltinFilterFactory done
Event: 18.783 loading class jdk/internal/access/JavaObjectInputFilterAccess
Event: 18.783 loading class jdk/internal/access/JavaObjectInputFilterAccess done
Event: 18.783 loading class java/lang/System$Logger$Level
Event: 18.784 loading class java/lang/System$Logger$Level done
Event: 18.784 loading class java/io/Bits
Event: 18.785 loading class java/io/Bits done


Dynamic libraries:
0x00007ff62d480000 - 0x00007ff62d490000 	C:\Program Files\Java\jdk-17\bin\java.exe
0x00007ff9edc60000 - 0x00007ff9edec9000 	C:\WINDOWS\SYSTEM32\ntdll.dll
0x00007ff9cff10000 - 0x00007ff9cff30000 	C:\Program Files\Norton\Suite\aswhook.dll
0x00007ff9ed480000 - 0x00007ff9ed549000 	C:\WINDOWS\System32\KERNEL32.DLL
0x00007ff9eb050000 - 0x00007ff9eb443000 	C:\WINDOWS\System32\KERNELBASE.dll
0x00007ff9eb820000 - 0x00007ff9eb96b000 	C:\WINDOWS\System32\ucrtbase.dll
0x00007ff9d5c90000 - 0x00007ff9d5cab000 	C:\Program Files\Java\jdk-17\bin\VCRUNTIME140.dll
0x00007ff9d8db0000 - 0x00007ff9d8dc9000 	C:\Program Files\Java\jdk-17\bin\jli.dll
0x00007ff9ed550000 - 0x00007ff9ed604000 	C:\WINDOWS\System32\ADVAPI32.dll
0x00007ff9ec1f0000 - 0x00007ff9ec299000 	C:\WINDOWS\System32\msvcrt.dll
0x00007ff9ed610000 - 0x00007ff9ed6b6000 	C:\WINDOWS\System32\sechost.dll
0x00007ff9ecf50000 - 0x00007ff9ed068000 	C:\WINDOWS\System32\RPCRT4.dll
0x00007ff9ebec0000 - 0x00007ff9ec084000 	C:\WINDOWS\System32\USER32.dll
0x00007ff9eb020000 - 0x00007ff9eb047000 	C:\WINDOWS\System32\win32u.dll
0x00007ff9edba0000 - 0x00007ff9edbcb000 	C:\WINDOWS\System32\GDI32.dll
0x00007ff9cecc0000 - 0x00007ff9cef53000 	C:\WINDOWS\WinSxS\amd64_microsoft.windows.common-controls_6595b64144ccf1df_6.0.26100.5074_none_3e0d6f78e32fd63f\COMCTL32.dll
0x00007ff9eb450000 - 0x00007ff9eb57d000 	C:\WINDOWS\System32\gdi32full.dll
0x00007ff9eadf0000 - 0x00007ff9eae93000 	C:\WINDOWS\System32\msvcp_win.dll
0x00007ff9e26b0000 - 0x00007ff9e26bb000 	C:\WINDOWS\SYSTEM32\VERSION.dll
0x00007ff9ec2a0000 - 0x00007ff9ec2cf000 	C:\WINDOWS\System32\IMM32.DLL
0x00007ff9de5f0000 - 0x00007ff9de5fc000 	C:\Program Files\Java\jdk-17\bin\vcruntime140_1.dll
0x00007ff9b8ba0000 - 0x00007ff9b8c2e000 	C:\Program Files\Java\jdk-17\bin\msvcp140.dll
0x00007ff941120000 - 0x00007ff941d00000 	C:\Program Files\Java\jdk-17\bin\server\jvm.dll
0x00007ff9ed830000 - 0x00007ff9ed838000 	C:\WINDOWS\System32\PSAPI.DLL
0x00007ff9e2670000 - 0x00007ff9e26a5000 	C:\WINDOWS\SYSTEM32\WINMM.dll
0x00007ff9dcfc0000 - 0x00007ff9dcfca000 	C:\WINDOWS\SYSTEM32\WSOCK32.dll
0x00007ff9ec090000 - 0x00007ff9ec104000 	C:\WINDOWS\System32\WS2_32.dll
0x00007ff9e9b90000 - 0x00007ff9e9bab000 	C:\WINDOWS\SYSTEM32\kernel.appcore.dll
0x00007ff9d26f0000 - 0x00007ff9d26fa000 	C:\Program Files\Java\jdk-17\bin\jimage.dll
0x00007ff9e29b0000 - 0x00007ff9e2bf2000 	C:\WINDOWS\SYSTEM32\DBGHELP.DLL
0x00007ff9ed100000 - 0x00007ff9ed47b000 	C:\WINDOWS\System32\combase.dll
0x00007ff9eda40000 - 0x00007ff9edb17000 	C:\WINDOWS\System32\OLEAUT32.dll
0x00007ff9dfc50000 - 0x00007ff9dfc8d000 	C:\WINDOWS\SYSTEM32\dbgcore.DLL
0x00007ff9eb6f0000 - 0x00007ff9eb789000 	C:\WINDOWS\System32\bcryptPrimitives.dll
0x00007ff9c3310000 - 0x00007ff9c3335000 	C:\Program Files\Java\jdk-17\bin\java.dll
0x00007ff9b8ac0000 - 0x00007ff9b8b97000 	C:\Program Files\Java\jdk-17\bin\jsvml.dll
0x00007ff9ec300000 - 0x00007ff9eca4d000 	C:\WINDOWS\System32\SHELL32.dll
0x00007ff9eb580000 - 0x00007ff9eb6ec000 	C:\WINDOWS\System32\wintypes.dll
0x00007ff9e8a30000 - 0x00007ff9e9289000 	C:\WINDOWS\SYSTEM32\windows.storage.dll
0x00007ff9ece50000 - 0x00007ff9ecf40000 	C:\WINDOWS\System32\SHCORE.dll
0x00007ff9ed6c0000 - 0x00007ff9ed722000 	C:\WINDOWS\System32\shlwapi.dll
0x00007ff9ead10000 - 0x00007ff9ead39000 	C:\WINDOWS\SYSTEM32\profapi.dll
0x00007ff9d2650000 - 0x00007ff9d2669000 	C:\Program Files\Java\jdk-17\bin\net.dll
0x00007ff9e49b0000 - 0x00007ff9e4acf000 	C:\WINDOWS\SYSTEM32\WINHTTP.dll
0x00007ff9ea0f0000 - 0x00007ff9ea15b000 	C:\WINDOWS\system32\mswsock.dll
0x00007ff9d0ea0000 - 0x00007ff9d0eb6000 	C:\Program Files\Java\jdk-17\bin\nio.dll
0x00007ff9ca060000 - 0x00007ff9ca078000 	C:\Program Files\Java\jdk-17\bin\zip.dll
0x00007ff9d2580000 - 0x00007ff9d2590000 	C:\Program Files\Java\jdk-17\bin\verify.dll
0x00007ff9d0470000 - 0x00007ff9d047a000 	C:\Program Files\Java\jdk-17\bin\management.dll
0x00007ff9cffe0000 - 0x00007ff9cffeb000 	C:\Program Files\Java\jdk-17\bin\management_ext.dll
0x00007ff9c2bd0000 - 0x00007ff9c2bf7000 	C:\Users\sthep\.gradle\native\1def1411415f61bf3af743bc5b6707747c0891f09f0c88961ee8f79bc544acac\windows-amd64\native-platform.dll
0x00007ff9c6ac0000 - 0x00007ff9c6aca000 	C:\Users\sthep\.gradle\native\jansi\1.18\windows64\jansi.dll
0x00007ff9e9590000 - 0x00007ff9e95c4000 	C:\WINDOWS\SYSTEM32\IPHLPAPI.DLL
0x00007ff9ec110000 - 0x00007ff9ec11a000 	C:\WINDOWS\System32\NSI.dll
0x00007ff9e4980000 - 0x00007ff9e499e000 	C:\WINDOWS\SYSTEM32\dhcpcsvc6.DLL
0x00007ff9e4950000 - 0x00007ff9e4973000 	C:\WINDOWS\SYSTEM32\dhcpcsvc.DLL
0x00007ff9e95d0000 - 0x00007ff9e96f6000 	C:\WINDOWS\SYSTEM32\DNSAPI.dll
0x00007ff9ea4c0000 - 0x00007ff9ea4db000 	C:\WINDOWS\SYSTEM32\CRYPTSP.dll
0x00007ff9e9af0000 - 0x00007ff9e9b2b000 	C:\WINDOWS\system32\rsaenh.dll
0x00007ff9ea190000 - 0x00007ff9ea1bb000 	C:\WINDOWS\SYSTEM32\USERENV.dll
0x00007ff9eace0000 - 0x00007ff9ead06000 	C:\WINDOWS\SYSTEM32\bcrypt.dll
0x00007ff9ea320000 - 0x00007ff9ea32c000 	C:\WINDOWS\SYSTEM32\CRYPTBASE.dll
0x00007ff9cc920000 - 0x00007ff9cc92e000 	C:\Program Files\Java\jdk-17\bin\sunmscapi.dll
0x00007ff9eaea0000 - 0x00007ff9eb017000 	C:\WINDOWS\System32\CRYPT32.dll
0x00007ff9ea610000 - 0x00007ff9ea640000 	C:\WINDOWS\SYSTEM32\ncrypt.dll
0x00007ff9ea5c0000 - 0x00007ff9ea5ff000 	C:\WINDOWS\SYSTEM32\NTASN1.dll
0x00007ff9da260000 - 0x00007ff9da268000 	C:\WINDOWS\system32\wshunix.dll

dbghelp: loaded successfully - version: 4.0.5 - missing functions: none
symbol engine: initialized successfully - sym options: 0x614 - pdb path: .;C:\Program Files\Java\jdk-17\bin;C:\WINDOWS\SYSTEM32;C:\Program Files\Norton\Suite;C:\WINDOWS\WinSxS\amd64_microsoft.windows.common-controls_6595b64144ccf1df_6.0.26100.5074_none_3e0d6f78e32fd63f;C:\Program Files\Java\jdk-17\bin\server;C:\Users\sthep\.gradle\native\1def1411415f61bf3af743bc5b6707747c0891f09f0c88961ee8f79bc544acac\windows-amd64;C:\Users\sthep\.gradle\native\jansi\1.18\windows64

VM Arguments:
jvm_args: -Xmx64m -Xms64m -Dorg.gradle.appname=gradlew 
java_command: C:\Users\sthep\git\chooseMovieApp\android\\gradle\wrapper\gradle-wrapper.jar app:installDebug -PreactNativeDevServerPort=8081
java_class_path (initial): C:\Users\sthep\git\chooseMovieApp\android\\gradle\wrapper\gradle-wrapper.jar
Launcher Type: SUN_STANDARD

[Global flags]
     intx CICompilerCount                          = 4                                         {product} {ergonomic}
     uint ConcGCThreads                            = 3                                         {product} {ergonomic}
     uint G1ConcRefinementThreads                  = 10                                        {product} {ergonomic}
   size_t G1HeapRegionSize                         = 1048576                                   {product} {ergonomic}
    uintx GCDrainStackTargetSize                   = 64                                        {product} {ergonomic}
   size_t InitialHeapSize                          = 67108864                                  {product} {command line}
   size_t MarkStackSize                            = 4194304                                   {product} {ergonomic}
   size_t MaxHeapSize                              = 67108864                                  {product} {command line}
   size_t MaxNewSize                               = 39845888                                  {product} {ergonomic}
   size_t MinHeapDeltaBytes                        = 1048576                                   {product} {ergonomic}
   size_t MinHeapSize                              = 67108864                                  {product} {command line}
    uintx NonNMethodCodeHeapSize                   = 5839372                                {pd product} {ergonomic}
    uintx NonProfiledCodeHeapSize                  = 122909434                              {pd product} {ergonomic}
    uintx ProfiledCodeHeapSize                     = 122909434                              {pd product} {ergonomic}
    uintx ReservedCodeCacheSize                    = 251658240                              {pd product} {ergonomic}
     bool SegmentedCodeCache                       = true                                      {product} {ergonomic}
   size_t SoftMaxHeapSize                          = 67108864                               {manageable} {ergonomic}
     bool UseCompressedClassPointers               = true                           {product lp64_product} {ergonomic}
     bool UseCompressedOops                        = true                           {product lp64_product} {ergonomic}
     bool UseG1GC                                  = true                                      {product} {ergonomic}
     bool UseLargePagesIndividualAllocation        = false                                  {pd product} {ergonomic}

Logging:
Log output configuration:
 #0: stdout all=warning uptime,level,tags
 #1: stderr all=off uptime,level,tags

Environment Variables:
JAVA_HOME=C:\Program Files\Java\jdk-17
PATH=C:\Users\sthep\AppData\Local\Temp\yarn--1759003554862-0.29439402718990815;C:\Users\sthep\git\chooseMovieApp\node_modules\.bin;C:\Users\sthep\AppData\Local\Yarn\Data\link\node_modules\.bin;C:\Users\sthep\AppData\Local\Yarn\bin;C:\Program Files\libexec\lib\node_modules\npm\bin\node-gyp-bin;C:\Program Files\lib\node_modules\npm\bin\node-gyp-bin;C:\Program Files\nodejs\node_modules\npm\bin\node-gyp-bin;C:\Program Files\Common Files\Oracle\Java\javapath;C:\Program Files (x86)\Common Files\Oracle\Java\java8path;C:\Program Files (x86)\Common Files\Oracle\Java\javapath;C:\WINDOWS\system32;C:\WINDOWS;C:\WINDOWS\System32\Wbem;C:\WINDOWS\System32\WindowsPowerShell\v1.0\;C:\WINDOWS\System32\OpenSSH\;C:\Program Files\nodejs\;C:\Program Files\Docker\Docker\resources\bin;C:\Program Files\Git\cmd;C:\Users\sthep\AppData\Local\Microsoft\WindowsApps;C:\Users\sthep\AppData\Roaming\npm;C:\Users\sthep\AppData\Local\Programs\Microsoft VS Code\bin;C:\ffmpeg\bin;
USERNAME=sthep
OS=Windows_NT
PROCESSOR_IDENTIFIER=AMD64 Family 25 Model 80 Stepping 0, AuthenticAMD



---------------  S Y S T E M  ---------------

OS:
 Windows 11 , 64 bit Build 26100 (10.0.26100.5074)
OS uptime: 2 days 21:14 hours
Hyper-V role detected

CPU: total 12 (initial active 12) (12 cores per cpu, 2 threads per core) family 25 model 80 stepping 0 microcode 0xa50000d, cx8, cmov, fxsr, ht, mmx, 3dnowpref, sse, sse2, sse3, ssse3, sse4a, sse4.1, sse4.2, popcnt, lzcnt, tsc, tscinvbit, avx, avx2, aes, erms, clmul, bmi1, bmi2, adx, sha, fma, vzeroupper, clflush, clflushopt, hv

Memory: 4k page, system-wide physical 15740M (1315M free)
TotalPageFile size 24708M (AvailPageFile size 1604M)
current process WorkingSet (physical memory assigned to process): 41M, peak: 115M
current process commit charge ("private bytes"): 170M, peak: 180M

vm_info: Java HotSpot(TM) 64-Bit Server VM (17.0.12+8-LTS-286) for windows-amd64 JRE (17.0.12+8-LTS-286), built on Jun  5 2024 06:46:59 by "mach5one" with MS VC++ 17.6 (VS2022)

END.
